Performing C SOURCE FILE Test CMAKE_HAVE_LIBC_PTHREAD failed with the following output:
Change Dir: /lustrehome/nicolaferrara2106/projects/geant4/geant4project/LXe_neutron_build/CMakeFiles/CMakeTmp

Run Build Command(s):/usr/bin/gmake cmTC_8202d/fast && /usr/bin/gmake  -f CMakeFiles/cmTC_8202d.dir/build.make CMakeFiles/cmTC_8202d.dir/build
gmake[1]: Entering directory `/lustrehome/nicolaferrara2106/projects/geant4/geant4project/LXe_neutron_build/CMakeFiles/CMakeTmp'
Building C object CMakeFiles/cmTC_8202d.dir/src.c.o
/cvmfs/sft.cern.ch/lcg/releases/gcc/9.2.0-afc57/x86_64-centos7/bin/gcc   -DCMAKE_HAVE_LIBC_PTHREAD   -o CMakeFiles/cmTC_8202d.dir/src.c.o   -c /lustrehome/nicolaferrara2106/projects/geant4/geant4project/LXe_neutron_build/CMakeFiles/CMakeTmp/src.c
Linking C executable cmTC_8202d
/usr/bin/cmake3 -E cmake_link_script CMakeFiles/cmTC_8202d.dir/link.txt --verbose=1
/cvmfs/sft.cern.ch/lcg/releases/gcc/9.2.0-afc57/x86_64-centos7/bin/gcc  -DCMAKE_HAVE_LIBC_PTHREAD    CMakeFiles/cmTC_8202d.dir/src.c.o  -o cmTC_8202d 
CMakeFiles/cmTC_8202d.dir/src.c.o: In function `main':
src.c:(.text+0x2d): undefined reference to `pthread_create'
src.c:(.text+0x39): undefined reference to `pthread_detach'
src.c:(.text+0x45): undefined reference to `pthread_cancel'
src.c:(.text+0x56): undefined reference to `pthread_join'
src.c:(.text+0x6a): undefined reference to `pthread_atfork'
collect2: error: ld returned 1 exit status
gmake[1]: *** [cmTC_8202d] Error 1
gmake[1]: Leaving directory `/lustrehome/nicolaferrara2106/projects/geant4/geant4project/LXe_neutron_build/CMakeFiles/CMakeTmp'
gmake: *** [cmTC_8202d/fast] Error 2


Source file was:
#include <pthread.h>

void* test_func(void* data)
{
  return data;
}

int main(void)
{
  pthread_t thread;
  pthread_create(&thread, NULL, test_func, NULL);
  pthread_detach(thread);
  pthread_cancel(thread);
  pthread_join(thread, NULL);
  pthread_atfork(NULL, NULL, NULL);
  pthread_exit(NULL);

  return 0;
}

