000 (30929214.000.000) 2023-03-20 15:48:38 Job submitted from host: <90.147.169.224:9618?addrs=90.147.169.224-9618&alias=ettore.recas.ba.infn.it&noUDP&sock=schedd_7753_7dda>
...
001 (30929214.000.000) 2023-03-20 15:48:46 Job executing on host: <90.147.168.249:9618?addrs=90.147.168.249-9618&alias=wn-gpu-8-3-18.recas.ba.infn.it&noUDP&sock=startd_4929_7666>
...
006 (30929214.000.000) 2023-03-20 15:48:46 Image size of job updated: 1
	0  -  MemoryUsage of job (MB)
	0  -  ResidentSetSize of job (KB)
...
005 (30929214.000.000) 2023-03-20 15:48:46 Job terminated.
	(1) Normal termination (return value 1)
		Usr 0 00:00:00, Sys 0 00:00:00  -  Run Remote Usage
		Usr 0 00:00:00, Sys 0 00:00:00  -  Run Local Usage
		Usr 0 00:00:00, Sys 0 00:00:00  -  Total Remote Usage
		Usr 0 00:00:00, Sys 0 00:00:00  -  Total Local Usage
	0  -  Run Bytes Sent By Job
	0  -  Run Bytes Received By Job
	0  -  Total Bytes Sent By Job
	0  -  Total Bytes Received By Job
	Partitionable Resources :    Usage  Request Allocated 
	   Cpus                 :                16        16 
	   Disk (KB)            :        1        1   2006172 
	   GPUs                 :                           0 
	   Memory (MB)          :        0    32768     32768 

	Job terminated of its own accord at 2023-03-20T14:48:46Z.
...
000 (30929372.000.000) 2023-03-20 15:59:55 Job submitted from host: <90.147.169.224:9618?addrs=90.147.169.224-9618&alias=ettore.recas.ba.infn.it&noUDP&sock=schedd_7753_7dda>
...
001 (30929372.000.000) 2023-03-20 16:00:00 Job executing on host: <90.147.169.192:9618?addrs=90.147.169.192-9618&alias=wn-gpu-8-3-2.recas.ba.infn.it&noUDP&sock=startd_13230_420f>
...
006 (30929372.000.000) 2023-03-20 16:00:09 Image size of job updated: 4772
	5  -  MemoryUsage of job (MB)
	4772  -  ResidentSetSize of job (KB)
...
006 (30929372.000.000) 2023-03-20 16:04:13 Image size of job updated: 7091320
	5  -  MemoryUsage of job (MB)
	4772  -  ResidentSetSize of job (KB)
...
005 (30929372.000.000) 2023-03-20 16:04:13 Job terminated.
	(1) Normal termination (return value 0)
		Usr 0 00:27:21, Sys 0 00:00:15  -  Run Remote Usage
		Usr 0 00:00:00, Sys 0 00:00:00  -  Run Local Usage
		Usr 0 00:27:21, Sys 0 00:00:15  -  Total Remote Usage
		Usr 0 00:00:00, Sys 0 00:00:00  -  Total Local Usage
	0  -  Run Bytes Sent By Job
	0  -  Run Bytes Received By Job
	0  -  Total Bytes Sent By Job
	0  -  Total Bytes Received By Job
	Partitionable Resources :    Usage  Request Allocated 
	   Cpus                 :     0.06       16        16 
	   Disk (KB)            :     1           1   2006172 
	   GPUs                 :                           0 
	   Memory (MB)          :     5       32768     32768 

	Job terminated of its own accord at 2023-03-20T15:04:13Z.
...
000 (30929676.000.000) 2023-03-20 16:17:48 Job submitted from host: <90.147.169.224:9618?addrs=90.147.169.224-9618&alias=ettore.recas.ba.infn.it&noUDP&sock=schedd_7753_7dda>
...
001 (30929676.000.000) 2023-03-20 16:17:59 Job executing on host: <90.147.169.190:9618?addrs=90.147.169.190-9618&alias=wn-gpu-8-8-30.recas.ba.infn.it&noUDP&sock=startd_4926_679d>
...
006 (30929676.000.000) 2023-03-20 16:18:08 Image size of job updated: 4768
	2  -  MemoryUsage of job (MB)
	1124  -  ResidentSetSize of job (KB)
...
006 (30929676.000.000) 2023-03-20 16:23:09 Image size of job updated: 5803464
	4765  -  MemoryUsage of job (MB)
	4878780  -  ResidentSetSize of job (KB)
...
006 (30929676.000.000) 2023-03-20 16:28:09 Image size of job updated: 5803464
	4765  -  MemoryUsage of job (MB)
	4878980  -  ResidentSetSize of job (KB)
...
006 (30929676.000.000) 2023-03-20 16:33:10 Image size of job updated: 5803464
	4765  -  MemoryUsage of job (MB)
	4879236  -  ResidentSetSize of job (KB)
...
006 (30929676.000.000) 2023-03-20 16:38:11 Image size of job updated: 5803464
	4766  -  MemoryUsage of job (MB)
	4879628  -  ResidentSetSize of job (KB)
...
006 (30929676.000.000) 2023-03-20 16:43:11 Image size of job updated: 5803464
	4766  -  MemoryUsage of job (MB)
	4879920  -  ResidentSetSize of job (KB)
...
006 (30929676.000.000) 2023-03-20 16:48:11 Image size of job updated: 5803464
	4766  -  MemoryUsage of job (MB)
	4880104  -  ResidentSetSize of job (KB)
...
006 (30929676.000.000) 2023-03-20 16:53:12 Image size of job updated: 5803464
	4766  -  MemoryUsage of job (MB)
	4880176  -  ResidentSetSize of job (KB)
...
006 (30929676.000.000) 2023-03-20 16:58:12 Image size of job updated: 5803464
	4767  -  MemoryUsage of job (MB)
	4880452  -  ResidentSetSize of job (KB)
...
006 (30929676.000.000) 2023-03-20 17:03:12 Image size of job updated: 5803464
	4767  -  MemoryUsage of job (MB)
	4880816  -  ResidentSetSize of job (KB)
...
006 (30929676.000.000) 2023-03-20 17:08:13 Image size of job updated: 5803464
	4768  -  MemoryUsage of job (MB)
	4881588  -  ResidentSetSize of job (KB)
...
006 (30929676.000.000) 2023-03-20 17:13:14 Image size of job updated: 5803464
	4768  -  MemoryUsage of job (MB)
	4881796  -  ResidentSetSize of job (KB)
...
006 (30929676.000.000) 2023-03-20 17:18:14 Image size of job updated: 5803464
	4771  -  MemoryUsage of job (MB)
	4885308  -  ResidentSetSize of job (KB)
...
006 (30929676.000.000) 2023-03-20 17:23:14 Image size of job updated: 5803464
	4771  -  MemoryUsage of job (MB)
	4885400  -  ResidentSetSize of job (KB)
...
006 (30929676.000.000) 2023-03-20 17:28:15 Image size of job updated: 5803464
	4771  -  MemoryUsage of job (MB)
	4885428  -  ResidentSetSize of job (KB)
...
006 (30929676.000.000) 2023-03-20 17:33:15 Image size of job updated: 5803464
	4771  -  MemoryUsage of job (MB)
	4885432  -  ResidentSetSize of job (KB)
...
006 (30929676.000.000) 2023-03-20 17:38:15 Image size of job updated: 5803464
	4771  -  MemoryUsage of job (MB)
	4885484  -  ResidentSetSize of job (KB)
...
006 (30929676.000.000) 2023-03-20 17:43:16 Image size of job updated: 5803464
	4772  -  MemoryUsage of job (MB)
	4885548  -  ResidentSetSize of job (KB)
...
006 (30929676.000.000) 2023-03-20 17:48:17 Image size of job updated: 5803464
	4772  -  MemoryUsage of job (MB)
	4885576  -  ResidentSetSize of job (KB)
...
006 (30929676.000.000) 2023-03-20 17:53:17 Image size of job updated: 5803464
	4772  -  MemoryUsage of job (MB)
	4885592  -  ResidentSetSize of job (KB)
...
006 (30929676.000.000) 2023-03-20 17:58:18 Image size of job updated: 5803464
	4772  -  MemoryUsage of job (MB)
	4885644  -  ResidentSetSize of job (KB)
...
006 (30929676.000.000) 2023-03-20 18:03:19 Image size of job updated: 5803464
	4772  -  MemoryUsage of job (MB)
	4885668  -  ResidentSetSize of job (KB)
...
006 (30929676.000.000) 2023-03-20 18:08:19 Image size of job updated: 5803464
	4772  -  MemoryUsage of job (MB)
	4885780  -  ResidentSetSize of job (KB)
...
006 (30929676.000.000) 2023-03-20 18:13:19 Image size of job updated: 5803464
	4772  -  MemoryUsage of job (MB)
	4885812  -  ResidentSetSize of job (KB)
...
006 (30929676.000.000) 2023-03-20 18:18:20 Image size of job updated: 5803464
	4772  -  MemoryUsage of job (MB)
	4885828  -  ResidentSetSize of job (KB)
...
006 (30929676.000.000) 2023-03-20 18:23:20 Image size of job updated: 5803464
	4772  -  MemoryUsage of job (MB)
	4885848  -  ResidentSetSize of job (KB)
...
006 (30929676.000.000) 2023-03-20 18:28:20 Image size of job updated: 5803464
	4772  -  MemoryUsage of job (MB)
	4885872  -  ResidentSetSize of job (KB)
...
006 (30929676.000.000) 2023-03-20 18:33:21 Image size of job updated: 5803464
	4772  -  MemoryUsage of job (MB)
	4885956  -  ResidentSetSize of job (KB)
...
006 (30929676.000.000) 2023-03-20 18:38:21 Image size of job updated: 5803464
	4772  -  MemoryUsage of job (MB)
	4885964  -  ResidentSetSize of job (KB)
...
006 (30929676.000.000) 2023-03-20 18:43:21 Image size of job updated: 5803464
	4772  -  MemoryUsage of job (MB)
	4886064  -  ResidentSetSize of job (KB)
...
006 (30929676.000.000) 2023-03-20 18:48:22 Image size of job updated: 5803464
	4772  -  MemoryUsage of job (MB)
	4886188  -  ResidentSetSize of job (KB)
...
006 (30929676.000.000) 2023-03-20 18:53:23 Image size of job updated: 5803464
	4772  -  MemoryUsage of job (MB)
	4886280  -  ResidentSetSize of job (KB)
...
006 (30929676.000.000) 2023-03-20 18:58:23 Image size of job updated: 5803464
	4772  -  MemoryUsage of job (MB)
	4886300  -  ResidentSetSize of job (KB)
...
006 (30929676.000.000) 2023-03-20 19:03:24 Image size of job updated: 5803464
	4772  -  MemoryUsage of job (MB)
	4886336  -  ResidentSetSize of job (KB)
...
005 (30929676.000.000) 2023-03-20 19:04:33 Job terminated.
	(1) Normal termination (return value 0)
		Usr 1 19:57:44, Sys 0 00:00:23  -  Run Remote Usage
		Usr 0 00:00:00, Sys 0 00:00:00  -  Run Local Usage
		Usr 1 19:57:44, Sys 0 00:00:23  -  Total Remote Usage
		Usr 0 00:00:00, Sys 0 00:00:00  -  Total Local Usage
	0  -  Run Bytes Sent By Job
	0  -  Run Bytes Received By Job
	0  -  Total Bytes Sent By Job
	0  -  Total Bytes Received By Job
	Partitionable Resources :    Usage  Request Allocated 
	   Cpus                 :    15.99       16        16 
	   Disk (KB)            :     1           1   2006172 
	   GPUs                 :                           0 
	   Memory (MB)          :  4772       32768     32768 

	Job terminated of its own accord at 2023-03-20T18:04:33Z.
...
